Debugger listening on ws://127.0.0.1:6009/2ba6f031-09ee-4efc-b47b-2cf453f15e04
For help, see: https://nodejs.org/en/docs/inspector
[Trace - 11:59:46 PM] Sending notification '$/setTraceNotification'.
Params: {
    "value": "verbose"
}


[Trace - 11:59:46 PM] Sending notification 'workspace/didChangeConfiguration'.
Params: {
    "settings": null
}


[Trace - 11:59:46 PM] Received request 'workspace/configuration - (3)'.
Params: {
    "items": [
        {
            "scopeUri": "file:///home/martin/Documents/xtext-languageserver-example/demo/test.txt",
            "section": "languageServerExample"
        }
    ]
}


[Trace - 11:59:46 PM] Sending response 'workspace/configuration - (3)'. Processing request took 2ms
Result: [
    {
        "maxNumberOfProblems": 100,
        "trace": {
            "server": "verbose"
        }
    }
]


[Trace - 11:59:46 PM] Received notification 'textDocument/publishDiagnostics'.
Params: {
    "uri": "file:///home/martin/Documents/xtext-languageserver-example/demo/test.txt",
    "diagnostics": [
        {
            "severity": 2,
            "range": {
                "start": {
                    "line": 2,
                    "character": 0
                },
                "end": {
                    "line": 2,
                    "character": 3
                }
            },
            "message": "ANY is all uppercase.",
            "source": "ex",
            "relatedInformation": [
                {
                    "location": {
                        "uri": "file:///home/martin/Documents/xtext-languageserver-example/demo/test.txt",
                        "range": {
                            "start": {
                                "line": 2,
                                "character": 0
                            },
                            "end": {
                                "line": 2,
                                "character": 3
                            }
                        }
                    },
                    "message": "Spelling matters"
                },
                {
                    "location": {
                        "uri": "file:///home/martin/Documents/xtext-languageserver-example/demo/test.txt",
                        "range": {
                            "start": {
                                "line": 2,
                                "character": 0
                            },
                            "end": {
                                "line": 2,
                                "character": 3
                            }
                        }
                    },
                    "message": "Particularly for names"
                }
            ]
        },
        {
            "severity": 2,
            "range": {
                "start": {
                    "line": 2,
                    "character": 13
                },
                "end": {
                    "line": 2,
                    "character": 16
                }
            },
            "message": "ANY is all uppercase.",
            "source": "ex",
            "relatedInformation": [
                {
                    "location": {
                        "uri": "file:///home/martin/Documents/xtext-languageserver-example/demo/test.txt",
                        "range": {
                            "start": {
                                "line": 2,
                                "character": 13
                            },
                            "end": {
                                "line": 2,
                                "character": 16
                            }
                        }
                    },
                    "message": "Spelling matters"
                },
                {
                    "location": {
                        "uri": "file:///home/martin/Documents/xtext-languageserver-example/demo/test.txt",
                        "range": {
                            "start": {
                                "line": 2,
                                "character": 13
                            },
                            "end": {
                                "line": 2,
                                "character": 16
                            }
                        }
                    },
                    "message": "Particularly for names"
                }
            ]
        },
        {
            "severity": 2,
            "range": {
                "start": {
                    "line": 2,
                    "character": 23
                },
                "end": {
                    "line": 2,
                    "character": 26
                }
            },
            "message": "ANY is all uppercase.",
            "source": "ex",
            "relatedInformation": [
                {
                    "location": {
                        "uri": "file:///home/martin/Documents/xtext-languageserver-example/demo/test.txt",
                        "range": {
                            "start": {
                                "line": 2,
                                "character": 23
                            },
                            "end": {
                                "line": 2,
                                "character": 26
                            }
                        }
                    },
                    "message": "Spelling matters"
                },
                {
                    "location": {
                        "uri": "file:///home/martin/Documents/xtext-languageserver-example/demo/test.txt",
                        "range": {
                            "start": {
                                "line": 2,
                                "character": 23
                            },
                            "end": {
                                "line": 2,
                                "character": 26
                            }
                        }
                    },
                    "message": "Particularly for names"
                }
            ]
        },
        {
            "severity": 2,
            "range": {
                "start": {
                    "line": 2,
                    "character": 27
                },
                "end": {
                    "line": 2,
                    "character": 29
                }
            },
            "message": "OS is all uppercase.",
            "source": "ex",
            "relatedInformation": [
                {
                    "location": {
                        "uri": "file:///home/martin/Documents/xtext-languageserver-example/demo/test.txt",
                        "range": {
                            "start": {
                                "line": 2,
                                "character": 27
                            },
                            "end": {
                                "line": 2,
                                "character": 29
                            }
                        }
                    },
                    "message": "Spelling matters"
                },
                {
                    "location": {
                        "uri": "file:///home/martin/Documents/xtext-languageserver-example/demo/test.txt",
                        "range": {
                            "start": {
                                "line": 2,
                                "character": 27
                            },
                            "end": {
                                "line": 2,
                                "character": 29
                            }
                        }
                    },
                    "message": "Particularly for names"
                }
            ]
        }
    ]
}


[Trace - 12:00:11 AM] Sending notification 'textDocument/didSave'.
Params: {
    "textDocument": {
        "uri": "file:///home/martin/Documents/xtext-languageserver-example/demo/test.txt",
        "version": 2
    }
}


[Trace - 12:00:21 AM] Sending notification 'textDocument/didChange'.
Params: {
    "textDocument": {
        "uri": "file:///home/martin/Documents/xtext-languageserver-example/demo/test.txt",
        "version": 3
    },
    "contentChanges": [
        {
            "text": "TypeScript lets you write JavaScript the way you really want to.\nTypeScript is a typed superset of JavaScript that compiles to plain JavaScript.\nANY browser. ANY host. ANY OS. Open Source.\n"
        }
    ]
}


[Trace - 12:00:21 AM] Received notification 'textDocument/publishDiagnostics'.
Params: {
    "uri": "file:///home/martin/Documents/xtext-languageserver-example/demo/test.txt",
    "diagnostics": [
        {
            "severity": 2,
            "range": {
                "start": {
                    "line": 2,
                    "character": 0
                },
                "end": {
                    "line": 2,
                    "character": 3
                }
            },
            "message": "ANY is all uppercase.",
            "source": "ex",
            "relatedInformation": [
                {
                    "location": {
                        "uri": "file:///home/martin/Documents/xtext-languageserver-example/demo/test.txt",
                        "range": {
                            "start": {
                                "line": 2,
                                "character": 0
                            },
                            "end": {
                                "line": 2,
                                "character": 3
                            }
                        }
                    },
                    "message": "Spelling matters"
                },
                {
                    "location": {
                        "uri": "file:///home/martin/Documents/xtext-languageserver-example/demo/test.txt",
                        "range": {
                            "start": {
                                "line": 2,
                                "character": 0
                            },
                            "end": {
                                "line": 2,
                                "character": 3
                            }
                        }
                    },
                    "message": "Particularly for names"
                }
            ]
        },
        {
            "severity": 2,
            "range": {
                "start": {
                    "line": 2,
                    "character": 13
                },
                "end": {
                    "line": 2,
                    "character": 16
                }
            },
            "message": "ANY is all uppercase.",
            "source": "ex",
            "relatedInformation": [
                {
                    "location": {
                        "uri": "file:///home/martin/Documents/xtext-languageserver-example/demo/test.txt",
                        "range": {
                            "start": {
                                "line": 2,
                                "character": 13
                            },
                            "end": {
                                "line": 2,
                                "character": 16
                            }
                        }
                    },
                    "message": "Spelling matters"
                },
                {
                    "location": {
                        "uri": "file:///home/martin/Documents/xtext-languageserver-example/demo/test.txt",
                        "range": {
                            "start": {
                                "line": 2,
                                "character": 13
                            },
                            "end": {
                                "line": 2,
                                "character": 16
                            }
                        }
                    },
                    "message": "Particularly for names"
                }
            ]
        },
        {
            "severity": 2,
            "range": {
                "start": {
                    "line": 2,
                    "character": 23
                },
                "end": {
                    "line": 2,
                    "character": 26
                }
            },
            "message": "ANY is all uppercase.",
            "source": "ex",
            "relatedInformation": [
                {
                    "location": {
                        "uri": "file:///home/martin/Documents/xtext-languageserver-example/demo/test.txt",
                        "range": {
                            "start": {
                                "line": 2,
                                "character": 23
                            },
                            "end": {
                                "line": 2,
                                "character": 26
                            }
                        }
                    },
                    "message": "Spelling matters"
                },
                {
                    "location": {
                        "uri": "file:///home/martin/Documents/xtext-languageserver-example/demo/test.txt",
                        "range": {
                            "start": {
                                "line": 2,
                                "character": 23
                            },
                            "end": {
                                "line": 2,
                                "character": 26
                            }
                        }
                    },
                    "message": "Particularly for names"
                }
            ]
        },
        {
            "severity": 2,
            "range": {
                "start": {
                    "line": 2,
                    "character": 27
                },
                "end": {
                    "line": 2,
                    "character": 29
                }
            },
            "message": "OS is all uppercase.",
            "source": "ex",
            "relatedInformation": [
                {
                    "location": {
                        "uri": "file:///home/martin/Documents/xtext-languageserver-example/demo/test.txt",
                        "range": {
                            "start": {
                                "line": 2,
                                "character": 27
                            },
                            "end": {
                                "line": 2,
                                "character": 29
                            }
                        }
                    },
                    "message": "Spelling matters"
                },
                {
                    "location": {
                        "uri": "file:///home/martin/Documents/xtext-languageserver-example/demo/test.txt",
                        "range": {
                            "start": {
                                "line": 2,
                                "character": 27
                            },
                            "end": {
                                "line": 2,
                                "character": 29
                            }
                        }
                    },
                    "message": "Particularly for names"
                }
            ]
        }
    ]
}


[Trace - 12:00:21 AM] Sending notification 'textDocument/didChange'.
Params: {
    "textDocument": {
        "uri": "file:///home/martin/Documents/xtext-languageserver-example/demo/test.txt",
        "version": 4
    },
    "contentChanges": [
        {
            "text": "TypeScript lets you write JavaScript the way you really want to.\nTypeScript is a typed superset of JavaScript that compiles to plain JavaScript.\nANY browser. ANY host. ANY OS. Open Source."
        }
    ]
}


[Trace - 12:00:21 AM] Received notification 'textDocument/publishDiagnostics'.
Params: {
    "uri": "file:///home/martin/Documents/xtext-languageserver-example/demo/test.txt",
    "diagnostics": [
        {
            "severity": 2,
            "range": {
                "start": {
                    "line": 2,
                    "character": 0
                },
                "end": {
                    "line": 2,
                    "character": 3
                }
            },
            "message": "ANY is all uppercase.",
            "source": "ex",
            "relatedInformation": [
                {
                    "location": {
                        "uri": "file:///home/martin/Documents/xtext-languageserver-example/demo/test.txt",
                        "range": {
                            "start": {
                                "line": 2,
                                "character": 0
                            },
                            "end": {
                                "line": 2,
                                "character": 3
                            }
                        }
                    },
                    "message": "Spelling matters"
                },
                {
                    "location": {
                        "uri": "file:///home/martin/Documents/xtext-languageserver-example/demo/test.txt",
                        "range": {
                            "start": {
                                "line": 2,
                                "character": 0
                            },
                            "end": {
                                "line": 2,
                                "character": 3
                            }
                        }
                    },
                    "message": "Particularly for names"
                }
            ]
        },
        {
            "severity": 2,
            "range": {
                "start": {
                    "line": 2,
                    "character": 13
                },
                "end": {
                    "line": 2,
                    "character": 16
                }
            },
            "message": "ANY is all uppercase.",
            "source": "ex",
            "relatedInformation": [
                {
                    "location": {
                        "uri": "file:///home/martin/Documents/xtext-languageserver-example/demo/test.txt",
                        "range": {
                            "start": {
                                "line": 2,
                                "character": 13
                            },
                            "end": {
                                "line": 2,
                                "character": 16
                            }
                        }
                    },
                    "message": "Spelling matters"
                },
                {
                    "location": {
                        "uri": "file:///home/martin/Documents/xtext-languageserver-example/demo/test.txt",
                        "range": {
                            "start": {
                                "line": 2,
                                "character": 13
                            },
                            "end": {
                                "line": 2,
                                "character": 16
                            }
                        }
                    },
                    "message": "Particularly for names"
                }
            ]
        },
        {
            "severity": 2,
            "range": {
                "start": {
                    "line": 2,
                    "character": 23
                },
                "end": {
                    "line": 2,
                    "character": 26
                }
            },
            "message": "ANY is all uppercase.",
            "source": "ex",
            "relatedInformation": [
                {
                    "location": {
                        "uri": "file:///home/martin/Documents/xtext-languageserver-example/demo/test.txt",
                        "range": {
                            "start": {
                                "line": 2,
                                "character": 23
                            },
                            "end": {
                                "line": 2,
                                "character": 26
                            }
                        }
                    },
                    "message": "Spelling matters"
                },
                {
                    "location": {
                        "uri": "file:///home/martin/Documents/xtext-languageserver-example/demo/test.txt",
                        "range": {
                            "start": {
                                "line": 2,
                                "character": 23
                            },
                            "end": {
                                "line": 2,
                                "character": 26
                            }
                        }
                    },
                    "message": "Particularly for names"
                }
            ]
        },
        {
            "severity": 2,
            "range": {
                "start": {
                    "line": 2,
                    "character": 27
                },
                "end": {
                    "line": 2,
                    "character": 29
                }
            },
            "message": "OS is all uppercase.",
            "source": "ex",
            "relatedInformation": [
                {
                    "location": {
                        "uri": "file:///home/martin/Documents/xtext-languageserver-example/demo/test.txt",
                        "range": {
                            "start": {
                                "line": 2,
                                "character": 27
                            },
                            "end": {
                                "line": 2,
                                "character": 29
                            }
                        }
                    },
                    "message": "Spelling matters"
                },
                {
                    "location": {
                        "uri": "file:///home/martin/Documents/xtext-languageserver-example/demo/test.txt",
                        "range": {
                            "start": {
                                "line": 2,
                                "character": 27
                            },
                            "end": {
                                "line": 2,
                                "character": 29
                            }
                        }
                    },
                    "message": "Particularly for names"
                }
            ]
        }
    ]
}


[Trace - 12:00:23 AM] Sending notification 'textDocument/didSave'.
Params: {
    "textDocument": {
        "uri": "file:///home/martin/Documents/xtext-languageserver-example/demo/test.txt",
        "version": 4
    }
}

